<?xml version="1.0" encoding="UTF-8"?>
<testng-results ignored="0" total="1" passed="1" failed="0" skipped="0">
  <reporter-output>
  </reporter-output>
  <suite started-at="2022-09-29T01:16:06 IST" name="Default suite" finished-at="2022-09-29T01:16:33 IST" duration-ms="26601">
    <groups>
      <group name="cucumber">
        <method signature="AbstractTestNGCucumberTests.runScenario(io.cucumber.testng.PickleWrapper,io.cucumber.testng.FeatureWrapper)[pri:0, instance:CucumberRunner.TestNGTestRunner@4b741d6d]" name="runScenario" class="io.cucumber.testng.AbstractTestNGCucumberTests"/>
      </group> <!-- cucumber -->
    </groups>
    <test started-at="2022-09-29T01:16:06 IST" name="Default test" finished-at="2022-09-29T01:16:33 IST" duration-ms="26601">
      <class name="CucumberRunner.TestNGTestRunner">
        <test-method is-config="true" signature="setUpClass(org.testng.ITestContext)[pri:0, instance:CucumberRunner.TestNGTestRunner@4b741d6d]" started-at="2022-09-29T01:16:06 IST" name="setUpClass" finished-at="2022-09-29T01:16:07 IST" duration-ms="183" status="PASS">
          <params>
            <param index="0">
              <value>
                <![CDATA[org.testng.TestRunner@aaa0f76]]>
              </value>
            </param>
          </params>
          <reporter-output>
          </reporter-output>
        </test-method> <!-- setUpClass -->
        <test-method signature="runScenario(io.cucumber.testng.PickleWrapper,io.cucumber.testng.FeatureWrapper)[pri:0, instance:CucumberRunner.TestNGTestRunner@4b741d6d]" started-at="2022-09-29T01:16:07 IST" name="runScenario" description="Runs Cucumber Scenarios" data-provider="scenarios" finished-at="2022-09-29T01:16:33 IST" duration-ms="26370" status="PASS">
          <params>
            <param index="0">
              <value>
                <![CDATA["Login to PHP Travels page and update the profile"]]>
              </value>
            </param>
            <param index="1">
              <value>
                <![CDATA["Customer login to website"]]>
              </value>
            </param>
          </params>
          <reporter-output>
          </reporter-output>
        </test-method> <!-- runScenario -->
        <test-method is-config="true" signature="tearDownClass()[pri:0, instance:CucumberRunner.TestNGTestRunner@4b741d6d]" started-at="2022-09-29T01:16:33 IST" name="tearDownClass" finished-at="2022-09-29T01:16:33 IST" duration-ms="7" status="PASS">
          <reporter-output>
          </reporter-output>
        </test-method> <!-- tearDownClass -->
      </class> <!-- CucumberRunner.TestNGTestRunner -->
    </test> <!-- Default test -->
  </suite> <!-- Default suite -->
</testng-results>
